生成启动时间为 2019/1/6 星期日 20:46:26。
     1>项目“E:\code\数据结构\二叉树\二叉树\二叉树.vcxproj”在节点 2 上(Build 个目标)。
     1>ClCompile:
         D:\Program Files (x86)\Microsoft Visual Studio 12.0\VC\bin\CL.exe /c /ZI /nologo /W3 /WX- /sdl /Od /Oy- /D _UNICODE /D UNICODE /Gm /EHsc /RTC1 /MDd /GS /fp:precise /Zc:wchar_t /Zc:forScope /Fo"Debug\\" /Fd"Debug\vc120.pdb" /Gd /TC /analyze- /errorReport:prompt Queuetest.c
         Queuetest.c
     1>e:\code\数据结构\二叉树\二叉树\queuetest.c(17): warning C4047: “函数”:“QUDataType”与“int”的间接级别不同
     1>e:\code\数据结构\二叉树\二叉树\queuetest.c(17): warning C4024: “BuyQueueNode”: 形参和实参 1 的类型不同
     1>e:\code\数据结构\二叉树\二叉树\queuetest.c(19): warning C4047: “函数”:“QUDataType”与“int”的间接级别不同
     1>e:\code\数据结构\二叉树\二叉树\queuetest.c(19): warning C4024: “QueuePush”: 形参和实参 2 的类型不同
     1>e:\code\数据结构\二叉树\二叉树\queuetest.c(20): warning C4047: “函数”:“QUDataType”与“int”的间接级别不同
     1>e:\code\数据结构\二叉树\二叉树\queuetest.c(20): warning C4024: “QueuePush”: 形参和实参 2 的类型不同
     1>e:\code\数据结构\二叉树\二叉树\queuetest.c(21): warning C4047: “函数”:“QUDataType”与“int”的间接级别不同
     1>e:\code\数据结构\二叉树\二叉树\queuetest.c(21): warning C4024: “QueuePush”: 形参和实参 2 的类型不同
     1>e:\code\数据结构\二叉树\二叉树\queuetest.c(22): warning C4047: “函数”:“QUDataType”与“int”的间接级别不同
     1>e:\code\数据结构\二叉树\二叉树\queuetest.c(22): warning C4024: “QueuePush”: 形参和实参 2 的类型不同
       Link:
         D:\Program Files (x86)\Microsoft Visual Studio 12.0\VC\bin\link.exe /ERRORREPORT:PROMPT /OUT:"E:\code\数据结构\二叉树\Debug\二叉树.exe" /INCREMENTAL /NOLOGO kernel32.lib user32.lib gdi32.lib winspool.lib comdlg32.lib advapi32.lib shell32.lib ole32.lib oleaut32.lib uuid.lib odbc32.lib odbccp32.lib /MANIFEST /MANIFESTUAC:"level='asInvoker' uiAccess='false'" /manifest:embed /DEBUG /PDB:"E:\code\数据结构\二叉树\Debug\二叉树.pdb" /TLBID:1 /DYNAMICBASE /NXCOMPAT /IMPLIB:"E:\code\数据结构\二叉树\Debug\二叉树.lib" /MACHINE:X86 Debug\Queuetest.obj
         Debug\Treetest.obj
         Debug\main.obj
         二叉树.vcxproj -> E:\code\数据结构\二叉树\Debug\二叉树.exe
     1>已完成生成项目“E:\code\数据结构\二叉树\二叉树\二叉树.vcxproj”(Build 个目标)的操作。

生成成功。

已用时间 00:00:00.48
