生成启动时间为 2018/12/1 星期六 18:08:46。
     1>项目“E:\code\数据结构\链表\链表\链表.vcxproj”在节点 2 上(Build 个目标)。
     1>ClCompile:
         D:\Program Files (x86)\Microsoft Visual Studio 12.0\VC\bin\CL.exe /c /ZI /nologo /W3 /WX- /sdl /Od /Oy- /D _UNICODE /D UNICODE /Gm /EHsc /RTC1 /MDd /GS /fp:precise /Zc:wchar_t /Zc:forScope /Fo"Debug\\" /Fd"Debug\vc120.pdb" /Gd /TC /analyze- /errorReport:prompt Sqlist.c
         Sqlist.c
     1>e:\code\数据结构\链表\链表\sqlist.c(133): warning C4047: “函数”:“Slist *”与“Slist **”的间接级别不同
     1>e:\code\数据结构\链表\链表\sqlist.c(133): warning C4024: “SlistInit”: 形参和实参 1 的类型不同
     1>e:\code\数据结构\链表\链表\sqlist.c(134): warning C4047: “函数”:“Slist *”与“Slist **”的间接级别不同
     1>e:\code\数据结构\链表\链表\sqlist.c(134): warning C4024: “SlistPushFront”: 形参和实参 1 的类型不同
     1>e:\code\数据结构\链表\链表\sqlist.c(135): warning C4047: “函数”:“Slist *”与“Slist **”的间接级别不同
     1>e:\code\数据结构\链表\链表\sqlist.c(135): warning C4024: “SlistPushFront”: 形参和实参 1 的类型不同
     1>e:\code\数据结构\链表\链表\sqlist.c(136): warning C4047: “函数”:“Slist *”与“Slist **”的间接级别不同
     1>e:\code\数据结构\链表\链表\sqlist.c(136): warning C4024: “SlistPushFront”: 形参和实参 1 的类型不同
     1>e:\code\数据结构\链表\链表\sqlist.c(137): warning C4047: “函数”:“Slist *”与“Slist **”的间接级别不同
     1>e:\code\数据结构\链表\链表\sqlist.c(137): warning C4024: “SlistPushFront”: 形参和实参 1 的类型不同
     1>e:\code\数据结构\链表\链表\sqlist.c(138): warning C4047: “函数”:“Slist *”与“Slist **”的间接级别不同
     1>e:\code\数据结构\链表\链表\sqlist.c(138): warning C4024: “SlistPrint”: 形参和实参 1 的类型不同
     1>e:\code\数据结构\链表\链表\sqlist.c(148): warning C4047: “函数”:“SlistNode *”与“int”的间接级别不同
     1>e:\code\数据结构\链表\链表\sqlist.c(148): warning C4024: “SlistEraseAfter”: 形参和实参 1 的类型不同
     1>e:\code\数据结构\链表\链表\sqlist.c(149): warning C4047: “函数”:“Slist *”与“Slist **”的间接级别不同
     1>e:\code\数据结构\链表\链表\sqlist.c(149): warning C4024: “SlistPrint”: 形参和实参 1 的类型不同
     1>e:\code\数据结构\链表\链表\sqlist.c(150): warning C4047: “函数”:“Slist *”与“Slist **”的间接级别不同
     1>e:\code\数据结构\链表\链表\sqlist.c(150): warning C4024: “SlistDesory”: 形参和实参 1 的类型不同
       Link:
         D:\Program Files (x86)\Microsoft Visual Studio 12.0\VC\bin\link.exe /ERRORREPORT:PROMPT /OUT:"E:\code\数据结构\链表\Debug\链表.exe" /INCREMENTAL /NOLOGO kernel32.lib user32.lib gdi32.lib winspool.lib comdlg32.lib advapi32.lib shell32.lib ole32.lib oleaut32.lib uuid.lib odbc32.lib odbccp32.lib /MANIFEST /MANIFESTUAC:"level='asInvoker' uiAccess='false'" /manifest:embed /DEBUG /PDB:"E:\code\数据结构\链表\Debug\链表.pdb" /TLBID:1 /DYNAMICBASE /NXCOMPAT /IMPLIB:"E:\code\数据结构\链表\Debug\链表.lib" /MACHINE:X86 Debug\main.obj
         Debug\Sqlist.obj
         链表.vcxproj -> E:\code\数据结构\链表\Debug\链表.exe
     1>已完成生成项目“E:\code\数据结构\链表\链表\链表.vcxproj”(Build 个目标)的操作。

生成成功。

已用时间 00:00:01.17
